  HashMap.cpp
C:\Users\user\Desktop\자료구조\21812160_차태현_SkipList\21812160_차태현_SkipList\Generic_Skip_List.h(319,12): warning C4129: ' ': 문자 이스케이프 시퀀스를 인식할 수 없습니다.
  main.cpp
C:\Users\user\Desktop\자료구조\21812160_차태현_SkipList\21812160_차태현_SkipList\Generic_Skip_List.h(319,12): warning C4129: ' ': 문자 이스케이프 시퀀스를 인식할 수 없습니다.
C:\Users\user\Desktop\자료구조\21812160_차태현_SkipList\21812160_차태현_SkipList\main.cpp(21,1): warning C4326: 'main'의 반환 형식이 'int'이어야 하는데 'void'입니다.
C:\Users\user\Desktop\자료구조\21812160_차태현_SkipList\21812160_차태현_SkipList\main.cpp(37,3): warning C4551: 함수 호출에 인수 목록이 없습니다.
C:\Users\user\Desktop\자료구조\21812160_차태현_SkipList\21812160_차태현_SkipList\Generic_Skip_List.h(144,12): warning C4244: '인수': 'time_t'에서 'unsigned int'(으)로 변환하면서 데이터가 손실될 수 있습니다.
C:\Users\user\Desktop\자료구조\21812160_차태현_SkipList\21812160_차태현_SkipList\Generic_Skip_List.h(125): message : 클래스 템플릿 멤버 함수 'SkipList<K,V>::SkipList(void)'을(를) 컴파일하는 중입니다.
          with
          [
              K=std::string,
              V=MyVoca *
          ]
C:\Program Files (x86)\Microsoft Visual Studio\2019\Community\VC\Tools\MSVC\14.28.29333\include\xmemory(701): message : 컴파일되는 함수 템플릿 인스턴스화 'SkipList<K,V>::SkipList(void)'에 대한 참조를 확인하세요.
          with
          [
              K=std::string,
              V=MyVoca *
          ]
C:\Program Files (x86)\Microsoft Visual Studio\2019\Community\VC\Tools\MSVC\14.28.29333\include\xmemory(1545): message : 컴파일되는 함수 템플릿 인스턴스화 'void std::_Default_allocator_traits<_Alloc>::construct<_Ty,>(_Alloc &,_Objty *const )'에 대한 참조를 확인하세요.
          with
          [
              _Alloc=std::allocator<SkipList<std::string,MyVoca *>>,
              _Ty=SkipList<std::string,MyVoca *>,
              _Objty=SkipList<std::string,MyVoca *>
          ]
C:\Program Files (x86)\Microsoft Visual Studio\2019\Community\VC\Tools\MSVC\14.28.29333\include\xmemory(1546): message : 컴파일되는 함수 템플릿 인스턴스화 'void std::_Default_allocator_traits<_Alloc>::construct<_Ty,>(_Alloc &,_Objty *const )'에 대한 참조를 확인하세요.
          with
          [
              _Alloc=std::allocator<SkipList<std::string,MyVoca *>>,
              _Ty=SkipList<std::string,MyVoca *>,
              _Objty=SkipList<std::string,MyVoca *>
          ]
C:\Program Files (x86)\Microsoft Visual Studio\2019\Community\VC\Tools\MSVC\14.28.29333\include\xmemory(1872): message : 컴파일되는 함수 템플릿 인스턴스화 'void std::_Uninitialized_backout_al<_Alloc>::_Emplace_back<>(void)'에 대한 참조를 확인하세요.
          with
          [
              _Alloc=std::allocator<SkipList<std::string,MyVoca *>>
          ]
C:\Program Files (x86)\Microsoft Visual Studio\2019\Community\VC\Tools\MSVC\14.28.29333\include\xmemory(1872): message : 컴파일되는 함수 템플릿 인스턴스화 'void std::_Uninitialized_backout_al<_Alloc>::_Emplace_back<>(void)'에 대한 참조를 확인하세요.
          with
          [
              _Alloc=std::allocator<SkipList<std::string,MyVoca *>>
          ]
C:\Program Files (x86)\Microsoft Visual Studio\2019\Community\VC\Tools\MSVC\14.28.29333\include\vector(1583): message : 컴파일되는 함수 템플릿 인스턴스화 'SkipList<K,V> *std::_Uninitialized_value_construct_n<std::allocator<SkipList<K,V>>>(SkipList<K,V> *,unsigned int,_Alloc &)'에 대한 참조를 확인하세요.
          with
          [
              K=std::string,
              V=MyVoca *,
              _Alloc=std::allocator<SkipList<std::string,MyVoca *>>
          ]
C:\Program Files (x86)\Microsoft Visual Studio\2019\Community\VC\Tools\MSVC\14.28.29333\include\vector(1581): message : 클래스 템플릿 멤버 함수 'SkipList<K,V> *std::vector<SkipList<K,V>,std::allocator<SkipList<K,V>>>::_Ufill(SkipList<K,V> *,const unsigned int,std::_Value_init_tag)'을(를) 컴파일하는 중입니다.
          with
          [
              K=std::string,
              V=MyVoca *
          ]
C:\Program Files (x86)\Microsoft Visual Studio\2019\Community\VC\Tools\MSVC\14.28.29333\include\vector(462): message : 컴파일되는 함수 템플릿 인스턴스화 'SkipList<K,V> *std::vector<SkipList<K,V>,std::allocator<SkipList<K,V>>>::_Ufill(SkipList<K,V> *,const unsigned int,std::_Value_init_tag)'에 대한 참조를 확인하세요.
          with
          [
              K=std::string,
              V=MyVoca *
          ]
C:\Users\user\Desktop\자료구조\21812160_차태현_SkipList\21812160_차태현_SkipList\HashMap.h(26): message : 컴파일되는 클래스 템플릿 인스턴스화 'std::vector<SkipList<K,V>,std::allocator<SkipList<K,V>>>'에 대한 참조를 확인하세요.
          with
          [
              K=std::string,
              V=MyVoca *
          ]
C:\Users\user\Desktop\자료구조\21812160_차태현_SkipList\21812160_차태현_SkipList\HashDictionary.h(9): message : 컴파일되는 클래스 템플릿 인스턴스화 'HashMap<K,V>'에 대한 참조를 확인하세요.
          with
          [
              K=std::string,
              V=MyVoca *
          ]
C:\Users\user\Desktop\자료구조\21812160_차태현_SkipList\21812160_차태현_SkipList\main.cpp(29): message : 컴파일되는 클래스 템플릿 인스턴스화 'HashDict<std::string,MyVoca *>'에 대한 참조를 확인하세요.
  MyVocaList.cpp
  코드를 생성하고 있습니다...
  21812160_차태현_SkipList.vcxproj -> C:\Users\user\Desktop\자료구조\21812160_차태현_SkipList\Debug\21812160_차태현_SkipList.exe
